2018-08-29 11:06:51  [ main:0 ] - [ DEBUG ]  Retrieving column information for table "view_record"
2018-08-29 11:08:19  [ main:0 ] - [ DEBUG ]  Retrieving column information for table "view_record"
2018-08-29 11:08:40  [ main:0 ] - [ DEBUG ]  Retrieving column information for table "v_record"
2018-08-29 11:08:40  [ main:56 ] - [ DEBUG ]  Found column "record_id", data type 4, in table "computer..v_record"
2018-08-29 11:08:40  [ main:59 ] - [ DEBUG ]  Found column "lab_id", data type 4, in table "computer..v_record"
2018-08-29 11:08:40  [ main:60 ] - [ DEBUG ]  Found column "room_num", data type 12, in table "computer..v_record"
2018-08-29 11:08:40  [ main:60 ] - [ DEBUG ]  Found column "teacher_num", data type 12, in table "computer..v_record"
2018-08-29 11:08:40  [ main:61 ] - [ DEBUG ]  Found column "teacher_name", data type 12, in table "computer..v_record"
2018-08-29 11:08:40  [ main:61 ] - [ DEBUG ]  Found column "arrange_id", data type 4, in table "computer..v_record"
2018-08-29 11:08:40  [ main:62 ] - [ DEBUG ]  Found column "teacher_id", data type 4, in table "computer..v_record"
2018-08-29 11:08:40  [ main:62 ] - [ DEBUG ]  Found column "course_name", data type 12, in table "computer..v_record"
2018-08-29 11:08:40  [ main:63 ] - [ DEBUG ]  Found column "class_name", data type 12, in table "computer..v_record"
2018-08-29 11:08:40  [ main:64 ] - [ DEBUG ]  Found column "apply_date", data type 91, in table "computer..v_record"
2018-08-29 11:08:40  [ main:65 ] - [ DEBUG ]  Found column "class_date", data type 91, in table "computer..v_record"
2018-08-29 11:08:40  [ main:65 ] - [ DEBUG ]  Found column "week", data type 4, in table "computer..v_record"
2018-08-29 11:08:40  [ main:66 ] - [ DEBUG ]  Found column "week_day", data type 4, in table "computer..v_record"
2018-08-29 11:08:40  [ main:66 ] - [ DEBUG ]  Found column "node", data type 4, in table "computer..v_record"
2018-08-29 14:52:46  [ main:0 ] - [ DEBUG ]  Retrieving column information for table "v_lesson"
2018-08-29 14:52:46  [ main:58 ] - [ DEBUG ]  Found column "lesson_id", data type 4, in table "computer..v_lesson"
2018-08-29 14:52:46  [ main:63 ] - [ DEBUG ]  Found column "arrange_id", data type 4, in table "computer..v_lesson"
2018-08-29 14:52:46  [ main:64 ] - [ DEBUG ]  Found column "week_str", data type 12, in table "computer..v_lesson"
2018-08-29 14:52:46  [ main:64 ] - [ DEBUG ]  Found column "week_day", data type 4, in table "computer..v_lesson"
2018-08-29 14:52:46  [ main:64 ] - [ DEBUG ]  Found column "node", data type 4, in table "computer..v_lesson"
2018-08-29 14:52:46  [ main:65 ] - [ DEBUG ]  Found column "is_double_week", data type 4, in table "computer..v_lesson"
2018-08-29 14:52:46  [ main:65 ] - [ DEBUG ]  Found column "course_id", data type 4, in table "computer..v_lesson"
2018-08-29 14:52:46  [ main:66 ] - [ DEBUG ]  Found column "course_name", data type 12, in table "computer..v_lesson"
2018-08-29 14:52:46  [ main:66 ] - [ DEBUG ]  Found column "class_name", data type 12, in table "computer..v_lesson"
2018-08-29 14:52:46  [ main:66 ] - [ DEBUG ]  Found column "teacher_name", data type 12, in table "computer..v_lesson"
2018-08-29 14:52:46  [ main:67 ] - [ DEBUG ]  Found column "teacher_num", data type 12, in table "computer..v_lesson"
2018-08-29 14:52:46  [ main:67 ] - [ DEBUG ]  Found column "teacher_id", data type 4, in table "computer..v_lesson"
